Running: C:\Xilinx\14.7\ISE_DS\ISE\bin\nt64\unwrapped\fuse.exe -intstyle ise -incremental -lib secureip -o E:/Conejito/Windows/Escuela/ArquitecturaDeComputadoras/Practicas/Practica8ContadorDeUnos/tb_ContadorDeUnos_isim_beh.exe -prj E:/Conejito/Windows/Escuela/ArquitecturaDeComputadoras/Practicas/Practica8ContadorDeUnos/tb_ContadorDeUnos_beh.prj work.tb_ContadorDeUnos 
ISim P.20131013 (signature 0x7708f090)
Number of CPUs detected in this system: 4
Turning on mult-threading, number of parallel sub-compilation jobs: 8 
Determining compilation order of HDL files
Parsing VHDL file "E:/Conejito/Windows/Escuela/ArquitecturaDeComputadoras/Practicas/Practica8ContadorDeUnos/RegistroB.vhd" into library work
Parsing VHDL file "E:/Conejito/Windows/Escuela/ArquitecturaDeComputadoras/Practicas/Practica8ContadorDeUnos/RegistroA.vhd" into library work
Parsing VHDL file "E:/Conejito/Windows/Escuela/ArquitecturaDeComputadoras/Practicas/Practica8ContadorDeUnos/PackagePractica8ContadorUnos.vhd" into library work
Parsing VHDL file "E:/Conejito/Windows/Escuela/ArquitecturaDeComputadoras/Practicas/Practica8ContadorDeUnos/DivisorDeFrecuencia.vhd" into library work
Parsing VHDL file "E:/Conejito/Windows/Escuela/ArquitecturaDeComputadoras/Practicas/Practica8ContadorDeUnos/Decodificador.vhd" into library work
Parsing VHDL file "E:/Conejito/Windows/Escuela/ArquitecturaDeComputadoras/Practicas/Practica8ContadorDeUnos/CartaASM.vhd" into library work
Parsing VHDL file "E:/Conejito/Windows/Escuela/ArquitecturaDeComputadoras/Practicas/Practica8ContadorDeUnos/ContadorDeUnos.vhd" into library work
Parsing VHDL file "E:/Conejito/Windows/Escuela/ArquitecturaDeComputadoras/Practicas/Practica8ContadorDeUnos/tb_ContadorDeUnos.vhd" into library work
Starting static elaboration
Completed static elaboration
Compiling package standard
Compiling package std_logic_1164
Compiling package std_logic_arith
Compiling package std_logic_unsigned
Compiling package packagepractica8contadorunos
Compiling package numeric_std
Compiling architecture practica8 of entity DivisorDeFrecuencia [divisordefrecuencia_default]
Compiling architecture practica8 of entity CartaASM [cartaasm_default]
Compiling architecture practica8 of entity RegistroA [registroa_default]
Compiling architecture practica8 of entity RegistroB [registrob_default]
Compiling architecture practica8 of entity Decodificador [decodificador_default]
Compiling architecture practica8 of entity ContadorDeUnos [contadordeunos_default]
Compiling architecture practica8 of entity tb_contadordeunos
Time Resolution for simulation is 1ps.
Waiting for 5 sub-compilation(s) to finish...
Compiled 19 VHDL Units
Built simulation executable E:/Conejito/Windows/Escuela/ArquitecturaDeComputadoras/Practicas/Practica8ContadorDeUnos/tb_ContadorDeUnos_isim_beh.exe
Fuse Memory Usage: 36856 KB
Fuse CPU Usage: 1327 ms
