ISim log file
Running: E:\Conejito\Windows\Escuela\ArquitecturaDeComputadoras\Practicas\Practica4ArchivoDeRegistros\tb_ArchivoDeRegistros_isim_beh.exe -intstyle ise -gui -tclbatch isim.cmd -wdb E:/Conejito/Windows/Escuela/ArquitecturaDeComputadoras/Practicas/Practica4ArchivoDeRegistros/tb_ArchivoDeRegistros_isim_beh.wdb 
ISim P.20131013 (signature 0x7708f090)
WARNING: A WEBPACK license was found.
WARNING: Please use Xilinx License Configuration Manager to check out a full ISim license.
WARNING: ISim will run in Lite mode. Please refer to the ISim documentation for more information on the differences between the Lite and the Full version.
This is a Lite version of ISim.
Time resolution is 1 ps
# onerror resume
# wave add /
# run 1000 ns
Simulator is doing circuit initialization process.
Finished circuit initialization process.
at 165 ns(1): Error: already at the end of file, nothing to read
at 165 ns(1): Error: Textio read:: called on empty string or line
at 165 ns(1): Error: READ(STD_ULOGIC_VECTOR) Error: Character '?' read, expected STD_ULOGIC literal.
at 165 ns(1): Error: Textio read:: called on empty string or line
at 165 ns(1): Error: READ(STD_ULOGIC_VECTOR) Error: Character '?' read, expected STD_ULOGIC literal.
at 165 ns(1): Error: Textio read:: called on empty string or line
at 165 ns(1): Error: READ(STD_ULOGIC_VECTOR) Error: Character '?' read, expected STD_ULOGIC literal.
at 165 ns(1): Error: Textio read:: called on empty string or line
at 165 ns(1): Error: READ(STD_ULOGIC_VECTOR) Error: Character '?' read, expected STD_ULOGIC literal.
at 165 ns(1): Error: Textio read:: called on empty string or line
at 165 ns(1): Error: READ(STD_ULOGIC_VECTOR) Error: Character '?' read, expected STD_ULOGIC literal.
at 165 ns(1): Error: Textio read:: called on empty string or line
at 165 ns(1): Error: READ(STD_ULOGIC) Error: Character '?' read, expected STD_ULOGIC literal.
at 165 ns(1): Error: Textio read:: called on empty string or line
at 165 ns(1): Error: READ(STD_ULOGIC) Error: Character '?' read, expected STD_ULOGIC literal.
at 165 ns(1): Error: Textio read:: called on empty string or line
at 165 ns(1): Error: READ(STD_ULOGIC) Error: Character '?' read, expected STD_ULOGIC literal.
at 165 ns(1): Error: Textio read:: called on empty string or line
at 165 ns(1): Error: READ(STD_ULOGIC) Error: Character '?' read, expected STD_ULOGIC literal.
at 175 ns(1): Error: already at the end of file, nothing to read
at 175 ns(1): Error: Textio read:: called on empty string or line
at 175 ns(1): Error: READ(STD_ULOGIC_VECTOR) Error: Character '?' read, expected STD_ULOGIC literal.
at 175 ns(1): Error: Textio read:: called on empty string or line
at 175 ns(1): Error: READ(STD_ULOGIC_VECTOR) Error: Character '?' read, expected STD_ULOGIC literal.
at 175 ns(1): Error: Textio read:: called on empty string or line
at 175 ns(1): Error: READ(STD_ULOGIC_VECTOR) Error: Character '?' read, expected STD_ULOGIC literal.
at 175 ns(1): Error: Textio read:: called on empty string or line
at 175 ns(1): Error: READ(STD_ULOGIC_VECTOR) Error: Character '?' read, expected STD_ULOGIC literal.
at 175 ns(1): Error: Textio read:: called on empty string or line
at 175 ns(1): Error: READ(STD_ULOGIC_VECTOR) Error: Character '?' read, expected STD_ULOGIC literal.
at 175 ns(1): Error: Textio read:: called on empty string or line
at 175 ns(1): Error: READ(STD_ULOGIC) Error: Character '?' read, expected STD_ULOGIC literal.
at 175 ns(1): Error: Textio read:: called on empty string or line
at 175 ns(1): Error: READ(STD_ULOGIC) Error: Character '?' read, expected STD_ULOGIC literal.
at 175 ns(1): Error: Textio read:: called on empty string or line
at 175 ns(1): Error: READ(STD_ULOGIC) Error: Character '?' read, expected STD_ULOGIC literal.
at 175 ns(1): Error: Textio read:: called on empty string or line
at 175 ns(1): Error: READ(STD_ULOGIC) Error: Character '?' read, expected STD_ULOGIC literal.
at 185 ns(1): Error: already at the end of file, nothing to read
at 185 ns(1): Error: Textio read:: called on empty string or line
at 185 ns(1): Error: READ(STD_ULOGIC_VECTOR) Error: Character '?' read, expected STD_ULOGIC literal.
at 185 ns(1): Error: Textio read:: called on empty string or line
at 185 ns(1): Error: READ(STD_ULOGIC_VECTOR) Error: Character '?' read, expected STD_ULOGIC literal.
at 185 ns(1): Error: Textio read:: called on empty string or line
at 185 ns(1): Error: READ(STD_ULOGIC_VECTOR) Error: Character '?' read, expected STD_ULOGIC literal.
at 185 ns(1): Error: Textio read:: called on empty string or line
at 185 ns(1): Error: READ(STD_ULOGIC_VECTOR) Error: Character '?' read, expected STD_ULOGIC literal.
at 185 ns(1): Error: Textio read:: called on empty string or line
at 185 ns(1): Error: READ(STD_ULOGIC_VECTOR) Error: Character '?' read, expected STD_ULOGIC literal.
at 185 ns(1): Error: Textio read:: called on empty string or line
at 185 ns(1): Error: READ(STD_ULOGIC) Error: Character '?' read, expected STD_ULOGIC literal.
at 185 ns(1): Error: Textio read:: called on empty string or line
at 185 ns(1): Error: READ(STD_ULOGIC) Error: Character '?' read, expected STD_ULOGIC literal.
at 185 ns(1): Error: Textio read:: called on empty string or line
at 185 ns(1): Error: READ(STD_ULOGIC) Error: Character '?' read, expected STD_ULOGIC literal.
at 185 ns(1): Error: Textio read:: called on empty string or line
at 185 ns(1): Error: READ(STD_ULOGIC) Error: Character '?' read, expected STD_ULOGIC literal.
