Command line:
   tb_MemoriaRAM_isim_beh.exe
     -simmode  gui
     -simrunnum  1
     -socket  59172

Fri Nov 09 00:44:50 2018


 Elaboration Time: 3.1875 sec

 Current Memory Usage: 6283.08 Meg

 Total Signals          : 11
 Total Nets             : 1048626
 Total Signal Drivers   : 6
 Total Blocks           : 7
 Total Primitive Blocks : 6
 Total Processes        : 4
 Total Traceable Variables  : 14
 Total Scalar Nets and Variables : 1049526
Total Line Count : 39

 Total Simulation Time: 3.79688 sec

 Current Memory Usage: 6284.14 Meg

Fri Nov 09 00:45:04 2018

