Release 14.7 - xst P.20131013 (nt64)
Copyright (c) 1995-2013 Xilinx, Inc.  All rights reserved.
--> Parameter TMPDIR set to xst/projnav.tmp


Total REAL time to Xst completion: 0.00 secs
Total CPU time to Xst completion: 0.32 secs
 
--> Parameter xsthdpdir set to xst


Total REAL time to Xst completion: 0.00 secs
Total CPU time to Xst completion: 0.32 secs
 
--> Reading design: Pila.prj

TABLE OF CONTENTS
  1) Synthesis Options Summary
  2) HDL Parsing
  3) HDL Elaboration
  4) HDL Synthesis
       4.1) HDL Synthesis Report
  5) Advanced HDL Synthesis
       5.1) Advanced HDL Synthesis Report
  6) Low Level Synthesis
  7) Partition Report
  8) Design Summary
       8.1) Primitive and Black Box Usage
       8.2) Device utilization summary
       8.3) Partition Resource Summary
       8.4) Timing Report
            8.4.1) Clock Information
            8.4.2) Asynchronous Control Signals Information
            8.4.3) Timing Summary
            8.4.4) Timing Details
            8.4.5) Cross Clock Domains Report


=========================================================================
*                      Synthesis Options Summary                        *
=========================================================================
---- Source Parameters
Input File Name                    : "Pila.prj"
Ignore Synthesis Constraint File   : NO

---- Target Parameters
Output File Name                   : "Pila"
Output Format                      : NGC
Target Device                      : xc7a100t-3-csg324

---- Source Options
Top Module Name                    : Pila
Automatic FSM Extraction           : YES
FSM Encoding Algorithm             : Auto
Safe Implementation                : No
FSM Style                          : LUT
RAM Extraction                     : Yes
RAM Style                          : Auto
ROM Extraction                     : Yes
Shift Register Extraction          : YES
ROM Style                          : Auto
Resource Sharing                   : YES
Asynchronous To Synchronous        : NO
Shift Register Minimum Size        : 2
Use DSP Block                      : Auto
Automatic Register Balancing       : No

---- Target Options
LUT Combining                      : Auto
Reduce Control Sets                : Auto
Add IO Buffers                     : YES
Global Maximum Fanout              : 100000
Add Generic Clock Buffer(BUFG)     : 32
Register Duplication               : YES
Optimize Instantiated Primitives   : NO
Use Clock Enable                   : Auto
Use Synchronous Set                : Auto
Use Synchronous Reset              : Auto
Pack IO Registers into IOBs        : Auto
Equivalent register Removal        : YES

---- General Options
Optimization Goal                  : Speed
Optimization Effort                : 1
Power Reduction                    : NO
Keep Hierarchy                     : No
Netlist Hierarchy                  : As_Optimized
RTL Output                         : Yes
Global Optimization                : AllClockNets
Read Cores                         : YES
Write Timing Constraints           : NO
Cross Clock Analysis               : NO
Hierarchy Separator                : /
Bus Delimiter                      : <>
Case Specifier                     : Maintain
Slice Utilization Ratio            : 100
BRAM Utilization Ratio             : 100
DSP48 Utilization Ratio            : 100
Auto BRAM Packing                  : NO
Slice Utilization Ratio Delta      : 5

=========================================================================


=========================================================================
*                          HDL Parsing                                  *
=========================================================================
Parsing VHDL file "E:\Conejito\Windows\Escuela\ArquitecturaDeComputadoras\Practicas Chidas Chidas\Practica7Pila\Pila.vhd" into library work
Parsing entity <Pila>.
Parsing architecture <Practica7> of entity <pila>.

=========================================================================
*                            HDL Elaboration                            *
=========================================================================

Elaborating entity <Pila> (architecture <Practica7>) with generics from library <work>.

=========================================================================
*                           HDL Synthesis                               *
=========================================================================

Synthesizing Unit <Pila>.
    Related source file is "E:\Conejito\Windows\Escuela\ArquitecturaDeComputadoras\Practicas Chidas Chidas\Practica7Pila\Pila.vhd".
        long = 16
    Found 16-bit register for signal <aux<0>>.
    Found 16-bit register for signal <aux<1>>.
    Found 16-bit register for signal <aux<2>>.
    Found 16-bit register for signal <aux<3>>.
    Found 16-bit register for signal <aux<4>>.
    Found 16-bit register for signal <aux<5>>.
    Found 16-bit register for signal <aux<6>>.
    Found 16-bit register for signal <aux<7>>.
    Found 3-bit register for signal <sp_aux>.
    Found 16-bit adder for signal <sp[2]_GND_5_o_add_1_OUT> created at line 34.
    Found 3-bit adder for signal <sp[2]_GND_5_o_add_11_OUT> created at line 36.
    Found 16-bit adder for signal <GND_5_o_GND_5_o_add_32_OUT> created at line 42.
    Found 3-bit subtractor for signal <GND_5_o_GND_5_o_sub_31_OUT<2:0>> created at line 41.
    Found 16-bit 8-to-1 multiplexer for signal <n0199> created at line 42.
    Found 16-bit 8-to-1 multiplexer for signal <pc> created at line 45.
    Summary:
	inferred   4 Adder/Subtractor(s).
	inferred 131 D-type flip-flop(s).
	inferred  27 Multiplexer(s).
Unit <Pila> synthesized.

=========================================================================
HDL Synthesis Report

Macro Statistics
# Adders/Subtractors                                   : 4
 16-bit adder                                          : 2
 3-bit adder                                           : 1
 3-bit subtractor                                      : 1
# Registers                                            : 9
 16-bit register                                       : 8
 3-bit register                                        : 1
# Multiplexers                                         : 27
 16-bit 2-to-1 multiplexer                             : 24
 16-bit 8-to-1 multiplexer                             : 2
 3-bit 2-to-1 multiplexer                              : 1

=========================================================================

=========================================================================
*                       Advanced HDL Synthesis                          *
=========================================================================


=========================================================================
Advanced HDL Synthesis Report

Macro Statistics
# Adders/Subtractors                                   : 4
 16-bit adder                                          : 2
 3-bit adder                                           : 1
 3-bit subtractor                                      : 1
# Registers                                            : 131
 Flip-Flops                                            : 131
# Multiplexers                                         : 57
 1-bit 8-to-1 multiplexer                              : 32
 16-bit 2-to-1 multiplexer                             : 24
 3-bit 2-to-1 multiplexer                              : 1

=========================================================================

=========================================================================
*                         Low Level Synthesis                           *
=========================================================================

Optimizing unit <Pila> ...

Mapping all equations...
Building and optimizing final netlist ...
Found area constraint ratio of 100 (+ 5) on block Pila, actual ratio is 0.
FlipFlop sp_0 has been replicated 1 time(s)
FlipFlop sp_1 has been replicated 1 time(s)
FlipFlop sp_2 has been replicated 1 time(s)

Final Macro Processing ...

=========================================================================
Final Register Report

Macro Statistics
# Registers                                            : 134
 Flip-Flops                                            : 134

=========================================================================

=========================================================================
*                           Partition Report                            *
=========================================================================

Partition Implementation Status
-------------------------------

  No Partitions were found in this design.

-------------------------------

=========================================================================
*                            Design Summary                             *
=========================================================================

Top Level Output File Name         : Pila.ngc

Primitive and Black Box Usage:
------------------------------
# BELS                             : 219
#      GND                         : 1
#      INV                         : 2
#      LUT1                        : 29
#      LUT3                        : 2
#      LUT5                        : 2
#      LUT6                        : 89
#      MUXCY                       : 30
#      MUXF7                       : 31
#      VCC                         : 1
#      XORCY                       : 32
# FlipFlops/Latches                : 134
#      FDCE                        : 134
# Clock Buffers                    : 1
#      BUFGP                       : 1
# IO Buffers                       : 39
#      IBUF                        : 20
#      OBUF                        : 19

Device utilization summary:
---------------------------

Selected Device : 7a100tcsg324-3 


Slice Logic Utilization: 
 Number of Slice Registers:             134  out of  126800     0%  
 Number of Slice LUTs:                  124  out of  63400     0%  
    Number used as Logic:               124  out of  63400     0%  

Slice Logic Distribution: 
 Number of LUT Flip Flop pairs used:    234
   Number with an unused Flip Flop:     100  out of    234    42%  
   Number with an unused LUT:           110  out of    234    47%  
   Number of fully used LUT-FF pairs:    24  out of    234    10%  
   Number of unique control sets:         9

IO Utilization: 
 Number of IOs:                          40
 Number of bonded IOBs:                  40  out of    210    19%  

Specific Feature Utilization:
 Number of BUFG/BUFGCTRLs:                1  out of     32     3%  

---------------------------
Partition Resource Summary:
---------------------------

  No Partitions were found in this design.

---------------------------


=========================================================================
Timing Report

NOTE: THESE TIMING NUMBERS ARE ONLY A SYNTHESIS ESTIMATE.
      FOR ACCURATE TIMING INFORMATION PLEASE REFER TO THE TRACE REPORT
      GENERATED AFTER PLACE-and-ROUTE.

Clock Information:
------------------
-----------------------------------+------------------------+-------+
Clock Signal                       | Clock buffer(FF name)  | Load  |
-----------------------------------+------------------------+-------+
clk                                | BUFGP                  | 134   |
-----------------------------------+------------------------+-------+

Asynchronous Control Signals Information:
----------------------------------------
No asynchronous control signals found in this design

Timing Summary:
---------------
Speed Grade: -3

   Minimum period: 3.458ns (Maximum Frequency: 289.210MHz)
   Minimum input arrival time before clock: 1.330ns
   Maximum output required time after clock: 1.827ns
   Maximum combinational path delay: No path found

Timing Details:
---------------
All values displayed in nanoseconds (ns)

=========================================================================
Timing constraint: Default period analysis for Clock 'clk'
  Clock period: 3.458ns (frequency: 289.210MHz)
  Total number of paths / destination ports: 30828 / 262
-------------------------------------------------------------------------
Delay:               3.458ns (Levels of Logic = 19)
  Source:            sp_2_1 (FF)
  Destination:       aux_1_15 (FF)
  Source Clock:      clk rising
  Destination Clock: clk rising

  Data Path: sp_2_1 to aux_1_15
                                Gate     Net
    Cell:in->out      fanout   Delay   Delay  Logical Name (Net Name)
    ----------------------------------------  ------------
     FDCE:C->Q             1   0.361   0.511  sp_2_1 (sp_2_1)
     LUT3:I0->O           14   0.097   0.339  Msub_GND_5_o_GND_5_o_sub_31_OUT<2:0>_xor<2>11 (GND_5_o_GND_5_o_sub_31_OUT<2>)
     MUXF7:S->O            1   0.335   0.295  mux7_2_f7 (n0199<1>)
     LUT1:I0->O            1   0.097   0.000  Madd_GND_5_o_GND_5_o_add_32_OUT_cy<1>_rt (Madd_GND_5_o_GND_5_o_add_32_OUT_cy<1>_rt)
     MUXCY:S->O            1   0.353   0.000  Madd_GND_5_o_GND_5_o_add_32_OUT_cy<1> (Madd_GND_5_o_GND_5_o_add_32_OUT_cy<1>)
     MUXCY:CI->O           1   0.023   0.000  Madd_GND_5_o_GND_5_o_add_32_OUT_cy<2> (Madd_GND_5_o_GND_5_o_add_32_OUT_cy<2>)
     MUXCY:CI->O           1   0.023   0.000  Madd_GND_5_o_GND_5_o_add_32_OUT_cy<3> (Madd_GND_5_o_GND_5_o_add_32_OUT_cy<3>)
     MUXCY:CI->O           1   0.023   0.000  Madd_GND_5_o_GND_5_o_add_32_OUT_cy<4> (Madd_GND_5_o_GND_5_o_add_32_OUT_cy<4>)
     MUXCY:CI->O           1   0.023   0.000  Madd_GND_5_o_GND_5_o_add_32_OUT_cy<5> (Madd_GND_5_o_GND_5_o_add_32_OUT_cy<5>)
     MUXCY:CI->O           1   0.023   0.000  Madd_GND_5_o_GND_5_o_add_32_OUT_cy<6> (Madd_GND_5_o_GND_5_o_add_32_OUT_cy<6>)
     MUXCY:CI->O           1   0.023   0.000  Madd_GND_5_o_GND_5_o_add_32_OUT_cy<7> (Madd_GND_5_o_GND_5_o_add_32_OUT_cy<7>)
     MUXCY:CI->O           1   0.023   0.000  Madd_GND_5_o_GND_5_o_add_32_OUT_cy<8> (Madd_GND_5_o_GND_5_o_add_32_OUT_cy<8>)
     MUXCY:CI->O           1   0.023   0.000  Madd_GND_5_o_GND_5_o_add_32_OUT_cy<9> (Madd_GND_5_o_GND_5_o_add_32_OUT_cy<9>)
     MUXCY:CI->O           1   0.023   0.000  Madd_GND_5_o_GND_5_o_add_32_OUT_cy<10> (Madd_GND_5_o_GND_5_o_add_32_OUT_cy<10>)
     MUXCY:CI->O           1   0.023   0.000  Madd_GND_5_o_GND_5_o_add_32_OUT_cy<11> (Madd_GND_5_o_GND_5_o_add_32_OUT_cy<11>)
     MUXCY:CI->O           1   0.023   0.000  Madd_GND_5_o_GND_5_o_add_32_OUT_cy<12> (Madd_GND_5_o_GND_5_o_add_32_OUT_cy<12>)
     MUXCY:CI->O           1   0.023   0.000  Madd_GND_5_o_GND_5_o_add_32_OUT_cy<13> (Madd_GND_5_o_GND_5_o_add_32_OUT_cy<13>)
     MUXCY:CI->O           0   0.023   0.000  Madd_GND_5_o_GND_5_o_add_32_OUT_cy<14> (Madd_GND_5_o_GND_5_o_add_32_OUT_cy<14>)
     XORCY:CI->O           1   0.370   0.295  Madd_GND_5_o_GND_5_o_add_32_OUT_xor<15> (GND_5_o_GND_5_o_add_32_OUT<15>)
     LUT6:I5->O            8   0.097   0.000  aux[0][15]_aux[0][15]_mux_66_OUT<15>1 (aux[0][15]_aux[0][15]_mux_66_OUT<15>)
     FDCE:D                    0.008          aux_0_15
    ----------------------------------------
    Total                      3.458ns (2.017ns logic, 1.441ns route)
                                       (58.3% logic, 41.7% route)

=========================================================================
Timing constraint: Default OFFSET IN BEFORE for Clock 'clk'
  Total number of paths / destination ports: 1060 / 400
-------------------------------------------------------------------------
Offset:              1.330ns (Levels of Logic = 2)
  Source:            dw (PAD)
  Destination:       aux_1_0 (FF)
  Destination Clock: clk rising

  Data Path: dw to aux_1_0
                                Gate     Net
    Cell:in->out      fanout   Delay   Delay  Logical Name (Net Name)
    ----------------------------------------  ------------
     IBUF:I->O            27   0.001   0.789  dw_IBUF (dw_IBUF)
     LUT6:I1->O           16   0.097   0.348  _n0241_inv1 (_n0241_inv)
     FDCE:CE                   0.095          aux_1_0
    ----------------------------------------
    Total                      1.330ns (0.193ns logic, 1.137ns route)
                                       (14.5% logic, 85.5% route)

=========================================================================
Timing constraint: Default OFFSET OUT AFTER for Clock 'clk'
  Total number of paths / destination ports: 211 / 19
-------------------------------------------------------------------------
Offset:              1.827ns (Levels of Logic = 3)
  Source:            sp_1 (FF)
  Destination:       pc<15> (PAD)
  Source Clock:      clk rising

  Data Path: sp_1 to pc<15>
                                Gate     Net
    Cell:in->out      fanout   Delay   Delay  Logical Name (Net Name)
    ----------------------------------------  ------------
     FDCE:C->Q            75   0.361   0.807  sp_1 (sp_1)
     LUT6:I0->O            1   0.097   0.000  mux22_3 (mux22_3)
     MUXF7:I1->O           2   0.279   0.283  mux22_2_f7 (pc_15_OBUF)
     OBUF:I->O                 0.000          pc_15_OBUF (pc<15>)
    ----------------------------------------
    Total                      1.827ns (0.737ns logic, 1.090ns route)
                                       (40.3% logic, 59.7% route)

=========================================================================

Cross Clock Domains Report:
--------------------------

Clock to Setup on destination clock clk
---------------+---------+---------+---------+---------+
               | Src:Rise| Src:Fall| Src:Rise| Src:Fall|
Source Clock   |Dest:Rise|Dest:Rise|Dest:Fall|Dest:Fall|
---------------+---------+---------+---------+---------+
clk            |    3.458|         |         |         |
---------------+---------+---------+---------+---------+

=========================================================================


Total REAL time to Xst completion: 22.00 secs
Total CPU time to Xst completion: 21.88 secs
 
--> 

Total memory usage is 4654352 kilobytes

Number of errors   :    0 (   0 filtered)
Number of warnings :    0 (   0 filtered)
Number of infos    :    0 (   0 filtered)

